2025-11-11 21:38:18 [INFO] FileFlow開始 (ドライランモード)
2025-11-11 21:38:18 [INFO] --- 🗑️  ステップ1: 特定文字列を含むファイルの削除 ---
2025-11-11 21:38:18 [INFO] 削除対象のファイルなし
2025-11-11 21:38:18 [INFO] --- ✨ ステップ2: ファイル名のクリーンアップ ---
2025-11-11 21:38:18 [INFO] 名前変更対象なし
2025-11-11 21:38:18 [INFO] --- 📋 ステップ3: ファイル振り分け ---
2025-11-11 21:38:18 [INFO] 該当ファイルなし: *r=5*
2025-11-11 21:38:18 [INFO] 該当ファイルなし: *t=V*
2025-11-11 21:38:18 [INFO] 該当ファイルなし: *t=pic*
2025-11-11 21:38:18 [INFO] 該当ファイルなし: *t=774*
2025-11-11 21:38:18 [INFO] 該当ファイルなし: *t=ReAct*
2025-11-11 21:38:18 [INFO] 処理完了 - 統計: {'deleted': 0, 'renamed': 0, 'copied': 0, 'moved': 0, 'errors': 0}
2025-11-11 21:38:25 [INFO] FileFlow開始 (実行モード)
2025-11-11 21:38:25 [INFO] --- 🗑️  ステップ1: 特定文字列を含むファイルの削除 ---
2025-11-11 21:38:25 [INFO] 削除対象のファイルなし
2025-11-11 21:38:25 [INFO] --- ✨ ステップ2: ファイル名のクリーンアップ ---
2025-11-11 21:38:25 [INFO] 名前変更対象なし
2025-11-11 21:38:25 [INFO] --- 📋 ステップ3: ファイル振り分け ---
2025-11-11 21:38:25 [INFO] 該当ファイルなし: *r=5*
2025-11-11 21:38:25 [INFO] 該当ファイルなし: *t=V*
2025-11-11 21:38:25 [INFO] 該当ファイルなし: *t=pic*
2025-11-11 21:38:25 [INFO] 該当ファイルなし: *t=774*
2025-11-11 21:38:25 [INFO] 該当ファイルなし: *t=ReAct*
2025-11-11 21:38:25 [INFO] 処理完了 - 統計: {'deleted': 0, 'renamed': 0, 'copied': 0, 'moved': 0, 'errors': 0}
