2025-11-10 02:26:47 [INFO] FileFlow開始 (ドライランモード)
2025-11-10 02:26:47 [INFO] --- 🗑️  ステップ1: 特定文字列を含むファイルの削除 ---
2025-11-10 02:26:47 [INFO] 削除対象のファイルなし
2025-11-10 02:26:47 [INFO] --- ✨ ステップ2: ファイル名のクリーンアップ ---
2025-11-10 02:26:47 [WARNING] 処理対象ファイルなし: D:\ikoooou\_SYNC\tmptmptmptmp
2025-11-10 02:26:47 [INFO] --- 📋 ステップ3: ファイル振り分け ---
2025-11-10 02:26:47 [INFO] 該当ファイルなし: *r=5*
2025-11-10 02:26:47 [INFO] 該当ファイルなし: *t=V*
2025-11-10 02:26:47 [INFO] 該当ファイルなし: *t=pic*
2025-11-10 02:26:47 [INFO] 該当ファイルなし: *t=774*
2025-11-10 02:26:47 [INFO] 該当ファイルなし: *t=ReAct*
2025-11-10 02:26:47 [INFO] 処理完了 - 統計: {'deleted': 0, 'renamed': 0, 'copied': 0, 'moved': 0, 'errors': 0}
2025-11-10 02:26:50 [INFO] FileFlow開始 (実行モード)
2025-11-10 02:26:50 [INFO] --- 🗑️  ステップ1: 特定文字列を含むファイルの削除 ---
2025-11-10 02:26:50 [INFO] 削除対象のファイルなし
2025-11-10 02:26:50 [INFO] --- ✨ ステップ2: ファイル名のクリーンアップ ---
2025-11-10 02:26:50 [WARNING] 処理対象ファイルなし: D:\ikoooou\_SYNC\tmptmptmptmp
2025-11-10 02:26:50 [INFO] --- 📋 ステップ3: ファイル振り分け ---
2025-11-10 02:26:50 [INFO] 該当ファイルなし: *r=5*
2025-11-10 02:26:50 [INFO] 該当ファイルなし: *t=V*
2025-11-10 02:26:50 [INFO] 該当ファイルなし: *t=pic*
2025-11-10 02:26:50 [INFO] 該当ファイルなし: *t=774*
2025-11-10 02:26:50 [INFO] 該当ファイルなし: *t=ReAct*
2025-11-10 02:26:50 [INFO] 処理完了 - 統計: {'deleted': 0, 'renamed': 0, 'copied': 0, 'moved': 0, 'errors': 0}
