2025-11-10 02:16:29 [INFO] FileFlow開始 (ドライランモード)
2025-11-10 02:16:29 [INFO] --- ステップ1: 特定文字列を含むファイルの削除 ---
2025-11-10 02:16:29 [INFO] [DRY-RUN] 削除予定: D:\ikoooou\_SYNC\tmptmptmptmp\corsa_24-20251109-1987435241682968863-01 {zpi$r=1}.jpg
2025-11-10 02:16:29 [INFO] --- ステップ2: ファイル名のクリーンアップ ---
2025-11-10 02:16:29 [INFO] 名前変更対象なし
2025-11-10 02:16:29 [INFO] --- ステップ3: ファイル振り分け ---
2025-11-10 02:16:29 [INFO] 該当ファイルなし: *r=5*
2025-11-10 02:16:29 [INFO] [DRY-RUN] 移動予定: D:\ikoooou\_SYNC\tmptmptmptmp\YORO_ai_-20251109-1987354462113964506-01 {zpi$t=V}.jpg -> D:\ikoooou\_SYNC\V
2025-11-10 02:16:29 [INFO] 該当ファイルなし: *t=pic*
2025-11-10 02:16:29 [INFO] 該当ファイルなし: *t=774*
2025-11-10 02:16:29 [INFO] 該当ファイルなし: *t=ReAct*
2025-11-10 02:16:29 [INFO] 処理完了 - 統計: {'deleted': 0, 'renamed': 0, 'copied': 0, 'moved': 0, 'errors': 0}
2025-11-10 02:16:54 [INFO] FileFlow開始 (実行モード)
2025-11-10 02:16:54 [INFO] --- ステップ1: 特定文字列を含むファイルの削除 ---
2025-11-10 02:16:54 [INFO] 削除: D:\ikoooou\_SYNC\tmptmptmptmp\corsa_24-20251109-1987435241682968863-01 {zpi$r=1}.jpg
2025-11-10 02:16:54 [INFO] --- ステップ2: ファイル名のクリーンアップ ---
2025-11-10 02:16:54 [INFO] 名前変更対象なし
2025-11-10 02:16:54 [INFO] --- ステップ3: ファイル振り分け ---
2025-11-10 02:16:54 [INFO] 該当ファイルなし: *r=5*
2025-11-10 02:16:54 [INFO] 移動: D:\ikoooou\_SYNC\tmptmptmptmp\YORO_ai_-20251109-1987354462113964506-01 {zpi$t=V}.jpg -> D:\ikoooou\_SYNC\V
2025-11-10 02:16:54 [INFO] 該当ファイルなし: *t=pic*
2025-11-10 02:16:54 [INFO] 該当ファイルなし: *t=774*
2025-11-10 02:16:54 [INFO] 該当ファイルなし: *t=ReAct*
2025-11-10 02:16:54 [INFO] 処理完了 - 統計: {'deleted': 1, 'renamed': 0, 'copied': 0, 'moved': 1, 'errors': 0}
