================================================================================
2025-11-14 02:23:42 [実行開始]
================================================================================

[C:\Users\kingc\Pictures\Greenshot へ移動 - 10件]
  ✓ ss_20251113222706605_🔴【ASMR_高音質】もみもみ…ふにゃふにゃ…骨抜きにしちゃう揉みほぐしマッサージ♡クリーム_肩叩き_頭もみほぐし【睡眠導入_Vtuber_Massage】_28m57s.png
  ✓ ss_20251113222926509_🔴【ASMR_高音質】もみもみ…ふにゃふにゃ…骨抜きにしちゃう揉みほぐしマッサージ♡クリーム_肩叩き_頭もみほぐし【睡眠導入_Vtuber_Massage】_31m17s.png
  ✓ ss_20251113222945879_🔴【ASMR_高音質】もみもみ…ふにゃふにゃ…骨抜きにしちゃう揉みほぐしマッサージ♡クリーム_肩叩き_頭もみほぐし【睡眠導入_Vtuber_Massage】_31m36s.png
  ✓ ss_20251113222948104_🔴【ASMR_高音質】もみもみ…ふにゃふにゃ…骨抜きにしちゃう揉みほぐしマッサージ♡クリーム_肩叩き_頭もみほぐし【睡眠導入_Vtuber_Massage】_31m38s.png
  ✓ ss_20251113222948667_🔴【ASMR_高音質】もみもみ…ふにゃふにゃ…骨抜きにしちゃう揉みほぐしマッサージ♡クリーム_肩叩き_頭もみほぐし【睡眠導入_Vtuber_Massage】_31m39s.png
  ✓ 【＃まりなすヴイアラ生配信】まりなす×vα-liv（ヴイアライヴ）コラボ配信！ 39-52 screenshot.png
  ✓ 【＃まりなすヴイアラ生配信】まりなす×vα-liv（ヴイアライヴ）コラボ配信！ 39-8 screenshot.png
  ✓ 【＃まりなすヴイアラ生配信】まりなす×vα-liv（ヴイアライヴ）コラボ配信！ 49-58 screenshot.png
  ✓ 【＃まりなすヴイアラ生配信】まりなす×vα-liv（ヴイアライヴ）コラボ配信！ 50-14 screenshot.png
  ✓ 🔴【ASMR_高音質】もみもみ…ふにゃふにゃ…骨抜きにしちゃう揉みほぐしマッサージ♡クリーム_肩叩き_頭もみほぐし【睡眠導入_Vtuber_Massage】 17-55 screenshot.png

[D:\ikoooou\_SYNC\tmptmptmptmp へ移動 - 91件]
  ✓ 0honekawa0-20251112-1988268552043065436-01.jpg
  ✓ 310lxlx-20251113-1988966981748572567-01.jpg
  ✓ AmarakuZZZ-20251113-1988911955059278043-01.jpg
  ✓ biscuit___cake-20251112-1988569375918731572-01.jpg
  ✓ chocomoo3-20251113-1988925502623785077-01.jpg
  ✓ chukibabo2-20251113-1988982547523784775-01.jpg
  ✓ dai00888-20251113-1988928782712090895-01.jpg
  ✓ dandabum25 - Yidhari (137431723) .png
  ✓ deca_purio-20251113-1988918763551359052-01.jpg
  ✓ DHBWinner-20251113-1988862027155063055-01.jpg
  ✓ DisgustingTokki-20251113-1988917774349988004-01.jpg
  ✓ E20 - 喜多ちゃん (137403792) .png
  ✓ FadingzZ-20251113-1988883028895047942-01.jpg
  ✓ hananoki_maru-20251113-1988886602299420937-01.jpg
  ✓ haru_sugar02-20251113-1988926062714351661-01.jpg
  ✓ hasibasann-20251113-1988909715393237114-01.jpg
  ✓ hatikumori01-20251113-1988921130199961611-01.jpg
  ✓ Hiuzawa_reira-20251113-1988732677659455969-01.jpg
  ✓ i2forme-20251113-1988910473488605332-01.jpg
  ✓ keikeikei202020-20251113-1988908377737400562-01.jpg
  ✓ koori_ais-20251113-1988936686110425413-01.jpg
  ✓ KurehaTateishi-20251113-1988921542630125604-01.jpg
  ✓ maosame-20251113-1988899744039526642-01.jpg
  ✓ MirukuSeki3-20251113-1988934451108479232-01.jpg
  ✓ momikyo67528-20251113-1988896321583943864-01.jpg
  ✓ motto - バニー花火ちゃん (137388916) .jpg
  ✓ Nagato_Izumi-20251113-1988934193091604903-01.jpg
  ✓ Nation1213-20251113-1988877808605532579-01.jpg
  ✓ OOPARTZ▲ - Sweat Kronii (137372948) .jpg
  ✓ prprKIRIN-20250921-1969707601656222167-01.jpg
  ✓ Rabi - 無題 (137412901) .png
  ✓ Ratto7R-20251110-1987868856468332999-01.jpg
  ✓ Ratto7R-20251110-1987869587866849387-01.jpg
  ✓ Ratto7R-20251110-1987869587866849387-02.jpg
  ✓ Ratto7R-20251110-1987869587866849387-03.jpg
  ✓ Ratto7R-20251110-1987869587866849387-04.jpg
  ✓ Ratto7R-20251110-1987870665484190024-01.jpg
  ✓ Ratto7R-20251110-1987870665484190024-02.jpg
  ✓ Ratto7R-20251110-1987870665484190024-03.jpg
  ✓ Ratto7R-20251110-1987870665484190024-04.jpg
  ✓ Ratto7R-20251110-1987872106651271448-01.jpg
  ✓ Ratto7R-20251110-1987872106651271448-02.jpg
  ✓ Ratto7R-20251110-1987872106651271448-03.jpg
  ✓ Ratto7R-20251110-1987872106651271448-04.jpg
  ✓ Ratto7R-20251110-1987872632956678616-01.jpg
  ✓ Ratto7R-20251110-1987872632956678616-02.jpg
  ✓ Ratto7R-20251110-1987872632956678616-03.jpg
  ✓ Ratto7R-20251110-1987872632956678616-04.jpg
  ✓ Ratto7R-20251110-1987873042874417640-01.jpg
  ✓ Ratto7R-20251110-1987873042874417640-02.jpg
  ✓ Ratto7R-20251110-1987873042874417640-03.jpg
  ✓ Ratto7R-20251110-1987873042874417640-04.jpg
  ✓ RedPanda - 無題 (137297993) .jpg
  ✓ schneeku-20251112-1988610913415667930-01.jpg
  ✓ schneeku-20251112-1988610913415667930-02.jpg
  ✓ schneeku-20251112-1988610913415667930-03.jpg
  ✓ schneeku-20251112-1988610913415667930-04.jpg
  ✓ seseri_aoba-20251113-1988940034914021583-01.jpg
  ✓ ShiguShigu90-20251113-1988909734557094163-01.jpg
  ✓ shouene76-20251113-1988925677538799670-01.jpg
  ✓ sikimosh - 間宵シグレ (137410582) .jpg
  ✓ stArlight_go5-20251113-1988734531772596395-01.jpg
  ✓ takaryanryan-20251101-1984403589448810617-01.jpg
  ✓ toridamono-20251113-1988910912896368845-01.jpg
  ✓ toxic_pter-20251113-1988882934720254100-01.jpg
  ✓ toymark_jp-20251113-1988894610048053572-01.jpg
  ✓ uri_chip-20251113-1988914157412835497-01.jpg
  ✓ VaMi_exk-20251113-1988894968237163005-01.jpg
  ✓ vxdrq-20251113-1988870313724035351-01.jpg
  ✓ yagen_o3o-20251113-1988968789648764980-01.jpg
  ✓ yukinoneco_-20251113-1988819008985190848-01.jpg
  ✓ yuta_3510-20251112-1988614077732773892-01.jpg
  ✓ Yu_Sa1126-20251113-1988876117726384313-01.jpg
  ✓ とうじゅん／藤巡 - Yidhari／イドリー, Zenless Zone Zero (137294435) .jpg
  ✓ はるひるり - 捕らわれのバニーガール🦋 (137294895) .jpg
  ✓ ふわチーズ（Fadingz） - BB (135271861) .png
  ✓ ふわチーズ（Fadingz） - イシュタル (134542896) .png
  ✓ ふわチーズ（Fadingz） - メルトリリス (135938101) .png
  ✓ ふわチーズ（Fadingz） - モルガン (137283024) .png
  ✓ ふわチーズ（Fadingz） - リリス (132105358) .png
  ✓ ふわチーズ（Fadingz） - リリス (135603055) .png
  ✓ ふわチーズ（Fadingz） - 水着玉藻 (136901623) .png
  ✓ ふわチーズ（Fadingz） - 終わりのエリザベート (137079484) .png
  ✓ 膝小僧 - 【リクエスト】 プリンセスコネクト ユイとえっち (137415654) p01.jpg
  ✓ 膝小僧 - 【リクエスト】 プリンセスコネクト ユイとえっち (137415654) p02.jpg
  ✓ 膝小僧 - 【リクエスト】 プリンセスコネクト ユイとえっち (137415654) p12.jpg
  ✓ 膝小僧 - 【リクエスト】 プリンセスコネクト ユイとえっち (137415654) p24.jpg
  ✓ 膝小僧 - 【リクエスト】 プリンセスコネクト ユイとえっち (137415654) p29.jpg
  ✓ 膝小僧 - 【リクエスト】 プリンセスコネクト ユイとえっち (137415654) p42.jpg
  ✓ 膝小僧 - 【リクエスト】 プリンセスコネクト ユイとえっち (137415654) p45.jpg
  ✓ 膝小僧 - 【リクエスト】 プリンセスコネクト ユイとえっち (137415654) p46.jpg

--------------------------------------------------------------------------------
実行結果: 成功 101件 / 失敗 0件
実行時刻: 2025-11-14 02:23:43
================================================================================

