================================================================================
2025-11-10 01:42:39 [実行開始]
================================================================================

[D:\ikoooou\Develop\vid へ移動 - 1件]
  ✓ Wataaamage-1987189621432647888-01-20251109-1465742255868760070.mp4

[D:\ikoooou_SYNC\prv_r5\e へ移動 - 1件]
  ✓ 渋々頼みを聞いてくれるうちの猫 2.zip

[D:\ikoooou_SYNC\tmptmptmptmp へ移動 - 38件]
  ✓ 029skysky-1987203467010560028-01-20251109-1211966802814590977.jpg
  ✓ 1859ysmssstsp-1987076017467654446-01-20251108-1388788129193095173.jpg
  ✓ b_shin0-1987149025725010218-01-20251108-1794080200004890625.jpg
  ✓ COCOballKING-1987078724567900654-01-20251108-988421142435151874.jpg
  ✓ fomnant-20251106-1986392724355096835-01.jpg
  ✓ ganba_rikki-1987098771985985932-01-20251108-890777668840337408.jpg
  ✓ hibikinorn-1987168142691606698-01-20251108-1771648486343413760.jpg
  ✓ houkou_sakuran-1987075603523403900-01-20251108-964509435551825920.jpg
  ✓ ill_toka-1987167929973272651-01-20251108-1655594550390554629.jpg
  ✓ ko_azuki-1987171325623029899-01-20251108-215414697.jpg
  ✓ Mako_draw01-1987109700559904782-01-20251108-1932476199143632896.jpg
  ✓ megane7000-1987163693780713655-01-20251108-161421361.jpg
  ✓ Mixst_Iori-20251109-1987422416369594846-01.jpg
  ✓ mmmgnsn-1987170197397229687-01-20251108-1517571284963840000.jpg
  ✓ mm__emuemu_-1987320985146826881-01-20251109-995291765140680704.jpg
  ✓ nakan0_sub-1987144010893607002-01-20251108-1969216540194324480.jpg
  ✓ neu_neu1117-1987181320024530961-01-20251109-1706991227462418432.jpg
  ✓ nijuichinichi-20251106-1986422309104808316-01.jpg
  ✓ p_oponta-1987150621439631459-01-20251108-2679516049.jpg
  ✓ ria - noel (136142136) .png
  ✓ ria - 黒ビキニふぶちゃん (97083543) .png
  ✓ roonyan-20251107-1986455375194038348-01.jpg
  ✓ ruby_doll_fsp-1987271560957469057-01-20251109-1841772810592780289.jpg
  ✓ ryuudog2-1987313613179396493-01-20251109-1691458518.jpg
  ✓ sab_2500-1987301608972226969-01-20251109-1395210354431385601.jpg
  ✓ saho45_45-1987323754532233707-01-20251109-1637094609670270977.jpg
  ✓ sasapoliton-1987134009043001703-01-20251108-902394910887763968.jpg
  ✓ sdksdk_34-1987238225203859623-01-20251109-1745464473522208768.jpg
  ✓ sepia_pia_-1987031035172032897-01-20251108-1637767069210144768.jpg
  ✓ shiroganenoel-1984424474574536791-01-20251101-1153195295573856256.jpg
  ✓ tonguewasabi-20251109-1987421597217730605-01.jpg
  ✓ Trypticon168590-1987002079790203082-01-20251108-1698162295309000704.jpg
  ✓ xdeyuix-20251109-1987359985332887793-01.jpg
  ✓ YotsumiShiro-1986831746294489400-01-20251108-871698919201353729.jpg
  ✓ yuna_pang-1986963630970315003-01-20251108-2968772508.jpg
  ✓ Zenzero_NNaNa-1987039128215781804-01-20251108-1897892118506700800.jpg
  ✓ Zenzero_NNaNa-1987075871803420714-01-20251108-1897892118506700800.jpg
  ✓ かわうち - キララちゃん (118909856)  {zpi$r=5}.jpg

--------------------------------------------------------------------------------
実行結果: 成功 40件 / 失敗 0件
実行時刻: 2025-11-10 01:42:39
================================================================================

================================================================================
2025-11-10 01:44:06 [実行開始]
================================================================================

[C:\Users\kingc\Pictures\Greenshot へ移動 - 1件]
  ✓ 深夜のサイゼリヤで持ち帰りドカ食いが1番最高なんだよ…【きぜつちゃん】 5-33 screenshot.png

[D:\ikoooou\SYNC\prv_r5\e へ移動 - 1件]
  ✓ 渋々頼みを聞いてくれるうちの猫 2.zip

[D:\ikoooou\SYNC\tmptmptmptmp へ移動 - 43件]
  ✓ 029skysky-1987203467010560028-01-20251109-1211966802814590977.jpg
  ✓ 03282-887065911-((masterpiece)),(best_20quality),official_20art,extremely_20detailed_20CG,unity_208k_20wallpaper,ultra_20detailed,beautiful_20detailed_20eyes,extr.png
  ✓ 1859ysmssstsp-1987076017467654446-01-20251108-1388788129193095173.jpg
  ✓ b_shin0-1987149025725010218-01-20251108-1794080200004890625.jpg
  ✓ COCOballKING-1987078724567900654-01-20251108-988421142435151874.jpg
  ✓ empty17033658-20251110-1987535678788513874-01.jpg
  ✓ fomnant-20251106-1986392724355096835-01.jpg
  ✓ ganba_rikki-1987098771985985932-01-20251108-890777668840337408.jpg
  ✓ hibikinorn-1987168142691606698-01-20251108-1771648486343413760.jpg
  ✓ houkou_sakuran-1987075603523403900-01-20251108-964509435551825920.jpg
  ✓ ill_toka-1987167929973272651-01-20251108-1655594550390554629.jpg
  ✓ ko_azuki-1987171325623029899-01-20251108-215414697.jpg
  ✓ Mako_draw01-1987109700559904782-01-20251108-1932476199143632896.jpg
  ✓ megane7000-1987163693780713655-01-20251108-161421361.jpg
  ✓ Mixst_Iori-20251109-1987422416369594846-01.jpg
  ✓ mmmgnsn-1987170197397229687-01-20251108-1517571284963840000.jpg
  ✓ mm__emuemu_-1987320985146826881-01-20251109-995291765140680704.jpg
  ✓ nakan0_sub-1987144010893607002-01-20251108-1969216540194324480.jpg
  ✓ neu_neu1117-1987181320024530961-01-20251109-1706991227462418432.jpg
  ✓ nijuichinichi-20251106-1986422309104808316-01.jpg
  ✓ pottsness-20251109-1987445053611032933-01.jpg
  ✓ p_oponta-1987150621439631459-01-20251108-2679516049.jpg
  ✓ ria - noel (136142136) .png
  ✓ ria - 黒ビキニふぶちゃん (97083543) .png
  ✓ roonyan-20251107-1986455375194038348-01.jpg
  ✓ ruby_doll_fsp-1987271560957469057-01-20251109-1841772810592780289.jpg
  ✓ ryuudog2-1987313613179396493-01-20251109-1691458518.jpg
  ✓ sab_2500-1987301608972226969-01-20251109-1395210354431385601.jpg
  ✓ saho45_45-1987323754532233707-01-20251109-1637094609670270977.jpg
  ✓ sasapoliton-1987134009043001703-01-20251108-902394910887763968.jpg
  ✓ sdksdk_34-1987238225203859623-01-20251109-1745464473522208768.jpg
  ✓ sepia_pia_-1987031035172032897-01-20251108-1637767069210144768.jpg
  ✓ shiroganenoel-1984424474574536791-01-20251101-1153195295573856256.jpg
  ✓ tonguewasabi-20251109-1987421597217730605-01.jpg
  ✓ Trypticon168590-1987002079790203082-01-20251108-1698162295309000704.jpg
  ✓ xdeyuix-20251109-1987359985332887793-01.jpg
  ✓ xdeyuix-20251109-1987486884361117930-01.jpg
  ✓ YotsumiShiro-1986831746294489400-01-20251108-871698919201353729.jpg
  ✓ yuna_pang-1986963630970315003-01-20251108-2968772508.jpg
  ✓ Zenzero_NNaNa-1987039128215781804-01-20251108-1897892118506700800.jpg
  ✓ Zenzero_NNaNa-1987075871803420714-01-20251108-1897892118506700800.jpg
  ✓ _uwaaaaaaaaa-20251109-1987509190349476248-01.jpg
  ✓ かわうち - キララちゃん (118909856)  {zpi$r=5}.jpg

--------------------------------------------------------------------------------
実行結果: 成功 45件 / 失敗 0件
実行時刻: 2025-11-10 01:44:06
================================================================================

================================================================================
2025-11-10 01:46:23 [実行開始]
================================================================================

[D:\ikoooou\_SYNC\prv_r5\e へ移動 - 1件]
  ✓ 渋々頼みを聞いてくれるうちの猫 2.zip

[D:\ikoooou\_SYNC\tmptmptmptmp へ移動 - 43件]
  ✓ 029skysky-1987203467010560028-01-20251109-1211966802814590977.jpg
  ✓ 03282-887065911-((masterpiece)),(best_20quality),official_20art,extremely_20detailed_20CG,unity_208k_20wallpaper,ultra_20detailed,beautiful_20detailed_20eyes,extr.png
  ✓ 1859ysmssstsp-1987076017467654446-01-20251108-1388788129193095173.jpg
  ✓ b_shin0-1987149025725010218-01-20251108-1794080200004890625.jpg
  ✓ COCOballKING-1987078724567900654-01-20251108-988421142435151874.jpg
  ✓ empty17033658-20251110-1987535678788513874-01.jpg
  ✓ fomnant-20251106-1986392724355096835-01.jpg
  ✓ ganba_rikki-1987098771985985932-01-20251108-890777668840337408.jpg
  ✓ hibikinorn-1987168142691606698-01-20251108-1771648486343413760.jpg
  ✓ houkou_sakuran-1987075603523403900-01-20251108-964509435551825920.jpg
  ✓ ill_toka-1987167929973272651-01-20251108-1655594550390554629.jpg
  ✓ ko_azuki-1987171325623029899-01-20251108-215414697.jpg
  ✓ Mako_draw01-1987109700559904782-01-20251108-1932476199143632896.jpg
  ✓ megane7000-1987163693780713655-01-20251108-161421361.jpg
  ✓ Mixst_Iori-20251109-1987422416369594846-01.jpg
  ✓ mmmgnsn-1987170197397229687-01-20251108-1517571284963840000.jpg
  ✓ mm__emuemu_-1987320985146826881-01-20251109-995291765140680704.jpg
  ✓ nakan0_sub-1987144010893607002-01-20251108-1969216540194324480.jpg
  ✓ neu_neu1117-1987181320024530961-01-20251109-1706991227462418432.jpg
  ✓ nijuichinichi-20251106-1986422309104808316-01.jpg
  ✓ pottsness-20251109-1987445053611032933-01.jpg
  ✓ p_oponta-1987150621439631459-01-20251108-2679516049.jpg
  ✓ ria - noel (136142136) .png
  ✓ ria - 黒ビキニふぶちゃん (97083543) .png
  ✓ roonyan-20251107-1986455375194038348-01.jpg
  ✓ ruby_doll_fsp-1987271560957469057-01-20251109-1841772810592780289.jpg
  ✓ ryuudog2-1987313613179396493-01-20251109-1691458518.jpg
  ✓ sab_2500-1987301608972226969-01-20251109-1395210354431385601.jpg
  ✓ saho45_45-1987323754532233707-01-20251109-1637094609670270977.jpg
  ✓ sasapoliton-1987134009043001703-01-20251108-902394910887763968.jpg
  ✓ sdksdk_34-1987238225203859623-01-20251109-1745464473522208768.jpg
  ✓ sepia_pia_-1987031035172032897-01-20251108-1637767069210144768.jpg
  ✓ shiroganenoel-1984424474574536791-01-20251101-1153195295573856256.jpg
  ✓ tonguewasabi-20251109-1987421597217730605-01.jpg
  ✓ Trypticon168590-1987002079790203082-01-20251108-1698162295309000704.jpg
  ✓ xdeyuix-20251109-1987359985332887793-01.jpg
  ✓ xdeyuix-20251109-1987486884361117930-01.jpg
  ✓ YotsumiShiro-1986831746294489400-01-20251108-871698919201353729.jpg
  ✓ yuna_pang-1986963630970315003-01-20251108-2968772508.jpg
  ✓ Zenzero_NNaNa-1987039128215781804-01-20251108-1897892118506700800.jpg
  ✓ Zenzero_NNaNa-1987075871803420714-01-20251108-1897892118506700800.jpg
  ✓ _uwaaaaaaaaa-20251109-1987509190349476248-01.jpg
  ✓ かわうち - キララちゃん (118909856)  {zpi$r=5}.jpg

--------------------------------------------------------------------------------
実行結果: 成功 44件 / 失敗 0件
実行時刻: 2025-11-10 01:46:24
================================================================================

================================================================================
2025-11-10 02:11:24 [実行開始]
================================================================================

[D:\ikoooou\_SYNC\prv_r5\e へ移動 - 1件]
  ✓ FileFlow.zip

[D:\ikoooou\_SYNC\tmptmptmptmp へ移動 - 22件]
  ✓ COCOballKING-20251109-1987431615010914697-01.jpg
  ✓ corsa_24-20251109-1987435241682968863-01.jpg
  ✓ Curio_illust-20251109-1987476574648832093-01.jpg
  ✓ flyskying1-20251109-1987385132500803986-01.jpg
  ✓ guri_0330-20251109-1987452340593688733-01.jpg
  ✓ HiyokoNeko0726-20251109-1987382357549346938-01.jpg
  ✓ Kanamaimu6040-20251109-1987387586542022794-01.jpg
  ✓ kiyochiishoko-20251109-1987373967372333353-01.jpg
  ✓ mo_chan0225-20251109-1987360209401254014-01.jpg
  ✓ nakan0_sub-20251109-1987450308407234657-01.jpg
  ✓ pentakira-20251109-1987463098526310624-01.jpg
  ✓ Ph0phyllite-20251108-1987116355242586238-01.jpg
  ✓ Ph0phyllite-20251109-1987506125257023752-01.jpg
  ✓ rrr_gns-20251109-1987427693932278270-01.jpg
  ✓ schop_6-20251108-1987097769157267709-01.jpg
  ✓ Shin__insh-20251108-1987099561886949415-01.jpg
  ✓ Sushispin_-20251109-1987440523297386543-01.jpg
  ✓ xTorJun_111x-20251109-1987445054118801649-01.jpg
  ✓ YORO_ai_-20251109-1987354462113964506-01.jpg
  ✓ yuzu_nagi-20251109-1987334575862034592-01.jpg
  ✓ Zenzero_NNaNa-20251109-1987357728625336762-01.jpg
  ✓ Zenzero_NNaNa-20251109-1987400509909606656-01.jpg

--------------------------------------------------------------------------------
実行結果: 成功 23件 / 失敗 0件
実行時刻: 2025-11-10 02:11:24
================================================================================

