================================================================================
2025-11-16 17:47:47 [実行開始]
================================================================================

[C:\Users\kingc\Pictures\Greenshot へ移動 - 3件]
  ✓ ss_20251115211326575_Twitch 3h33m37s.png
  ✓ 【ゼンレスゾーンゼロ】完全初見！ゼンゼロをプレイしますわ！0号･アンビー エージェント秘話「シルバーの復活」＆エピソードPV鑑賞！！！【 琴宮いおり _ #ミクスト _ #ゼンゼロ 】 48-7 screenshot.png
  ✓ 【ゼンレスゾーンゼロ】完全初見！ゼンゼロをプレイしますわ！0号･アンビー エージェント秘話「シルバーの復活」＆エピソードPV鑑賞！！！【 琴宮いおり _ #ミクスト _ #ゼンゼロ 】 48-9 screenshot.png

[D:\ikoooou\_SYNC\tmptmptmptmp へ移動 - 72件]
  ✓ dllart1-20251011-1976853522596630879-01.jpg
  ✓ dllart1-20251015-1978306395180032430-01.jpg
  ✓ dllart1-20251015-1978388624753267071-01.jpg
  ✓ dllart1-20251015-1978441127779877284-01.jpg
  ✓ dllart1-20251025-1982011227208642611-01.jpg
  ✓ dllart1-20251025-1982064417044058505-01.jpg
  ✓ dllart1-20251103-1985274305064919344-01.jpg
  ✓ dllart1-20251104-1985545359607898400-01.jpg
  ✓ dllart1-20251105-1985909319951663154-01.jpg
  ✓ dllart1-20251105-1986004628539060365-01.jpg
  ✓ dllart1-20251106-1986209501993967806-01.jpg
  ✓ dllart1-20251106-1986273091765608758-01.jpg
  ✓ dllart1-20251106-1986357464191894012-01.jpg
  ✓ dllart1-20251107-1986546634730144017-01.jpg
  ✓ dllart1-20251107-1986632547032510646-01.jpg
  ✓ dllart1-20251115-1989542008088924415-01.jpg
  ✓ dllart1-20251115-1989623556045771115-01.jpg
  ✓ FireShot Capture 045 - Amazon.co.jpショッピングカート - [www.amazon.co.jp].png
  ✓ floralcanon-20251115-1989643301302276438-01.jpg
  ✓ freng - New Jersey (137501773) .png
  ✓ Herohero_illust-20251115-1989654514337804658-01.png
  ✓ huziko_illust-20251115-1989649982933422191-01.jpg
  ✓ kanaekakisan-20251115-1989649139337179194-01.jpg
  ✓ kitsunemaru_f-20251115-1989639320643457085-01.jpg
  ✓ me - シスタークレア (137506165) .jpg
  ✓ mel_samui-20251115-1989655796473586095-01.jpg
  ✓ moorioka-20251115-1989626412823883946-01.jpg
  ✓ PP_AI - かなう!？ (137001136) p1.jpg
  ✓ PP_AI - かなう!？ (137001136) p2.jpg
  ✓ PP_AI - かなう!？ (137001136) p3.jpg
  ✓ PP_AI - かなうと配信前にイチャイチャ (137000774) p01.jpg
  ✓ PP_AI - かなうと配信前にイチャイチャ (137000774) p02.jpg
  ✓ PP_AI - かなうと配信前にイチャイチャ (137000774) p03.jpg
  ✓ PP_AI - かなうと配信前にイチャイチャ (137000774) p04.jpg
  ✓ PP_AI - かなうと配信前にイチャイチャ (137000774) p05.jpg
  ✓ PP_AI - かなうと配信前にイチャイチャ (137000774) p06.jpg
  ✓ PP_AI - かなうと配信前にイチャイチャ (137000774) p07.jpg
  ✓ PP_AI - かなうと配信前にイチャイチャ (137000774) p08.jpg
  ✓ PP_AI - かなうと配信前にイチャイチャ (137000774) p09.jpg
  ✓ PP_AI - かなうと配信前にイチャイチャ (137000774) p10.jpg
  ✓ PP_AI - かなうと配信前にイチャイチャ (137000774) p11.jpg
  ✓ PP_AI - かなうと配信前にイチャイチャ (137000774) p12.jpg
  ✓ PP_AI - かなうと配信前にイチャイチャ (137000774) p13.jpg
  ✓ PP_AI - かなうと配信前にイチャイチャ (137000774) p14.jpg
  ✓ PP_AI - かなうと配信前にイチャイチャ (137000774) p15.jpg
  ✓ PP_AI - かなうと配信前にイチャイチャ (137000774) p16.jpg
  ✓ PP_AI - かなうと配信前にイチャイチャ (137000774) p17.jpg
  ✓ PP_AI - かなうと配信前にイチャイチャ (137000774) p18.jpg
  ✓ PP_AI - かなうと配信前にイチャイチャ (137000774) p19.jpg
  ✓ PP_AI - かなうと配信前にイチャイチャ (137000774) p20.jpg
  ✓ PP_AI - 誰かな (137019644) p1.jpg
  ✓ PP_AI - 誰かな (137019644) p2.jpg
  ✓ shampoohatslime-20251115-1989631075048722578-01.jpg
  ✓ ushi_mochi_18-20251115-1989660959481495796-01.jpg
  ✓ Xeno_shirobane-20251115-1989602472042926138-01.jpg
  ✓ yasaitokome02-20251115-1989679054426181930-01.jpg
  ✓ ぺん - タロ (136993695) p1.png
  ✓ ぺん - タロ (136993695) p2.png
  ✓ みゃぱんぱん - ブルアカ フユ パイズリ (137442917) p1.png
  ✓ みゃぱんぱん - ブルアカ フユ パイズリ (137442917) p2.png
  ✓ みゃぱんぱん - ブルアカ フユ パイズリ (137442917) p3.png
  ✓ 九重樱風雪 - ニヤニヤ教授 (136485955) .jpg
  ✓ 九重樱風雪 - ニヤニヤ教授 (136821231) .jpg
  ✓ 九重樱風雪 - ニヤニヤ教授 (137216777) p1.jpg
  ✓ 九重樱風雪 - ニヤニヤ教授 (137216777) p2.jpg
  ✓ 九重樱風雪 - ニヤニヤ教授 (137442778) .jpg
  ✓ 九重樱風雪 - ニヤニヤ教授（13） (132093172) p1.jpg
  ✓ 九重樱風雪 - ニヤニヤ教授（13） (132093172) p2.jpg
  ✓ 江西あると@お仕事募集中🎨 - いつものことねちゃんと、どっちが好きですかぁ〜？ (137124685) .jpg
  ✓ 流し満貫 - 無題 (137441210) p1.jpg
  ✓ 流し満貫 - 無題 (137441210) p2.jpg
  ✓ 碳酸 - チェシャー (137503612) .jpg

--------------------------------------------------------------------------------
実行結果: 成功 75件 / 失敗 0件
実行時刻: 2025-11-16 17:47:47
================================================================================

================================================================================
2025-11-16 21:26:32 [実行開始]
================================================================================

[C:\Users\kingc\Pictures\Greenshot へ移動 - 5件]
  ✓ ss_20251116182443245_Nintendo Switch 2 版『サイバーパンク2077』新たな遊び方_12s.png
  ✓ ss_20251116182449386_Nintendo Switch 2 版『サイバーパンク2077』新たな遊び方_12s.png
  ✓ ss_20251116202718440_￤#飴望にぃな3Dお披露目￤飴望にぃな３Dになって参上っっっ！！【飴望にぃな_Varium】_29m47s.png
  ✓ ss_20251116202728990_￤#飴望にぃな3Dお披露目￤飴望にぃな３Dになって参上っっっ！！【飴望にぃな_Varium】_29m57s.png
  ✓ 【雑談】お昼の軽めの作業と雑談【#白雪みしろ】 57-14 screenshot.png

[D:\ikoooou\_SYNC\tmptmptmptmp へ移動 - 78件]
  ✓ 1n910-20251116-1989842806203142604-01.jpg
  ✓ 24_n4na-20251115-1989638671696535672-01.jpg
  ✓ 5oh5S2-20251115-1989682284551966826-01.jpg
  ✓ 7GXYTN1MEhMap0a-20251116-1989981779965657493-01.jpg
  ✓ 884238-20251115-1989654117195944340-01.jpg
  ✓ aikawa_yuduki-20251116-1989873846930083940-01.jpg
  ✓ akatsukiclara-20251116-1989854030286426584-01.jpg
  ✓ amaton777-20251116-1989784218323636285-01.jpg
  ✓ amausa_n-20251116-1989734768687337484-01.jpg
  ✓ Anko_Kisaki-20251116-1989900946038780072-01.jpg
  ✓ Anma__a-20251116-1989967703785050468-01.jpg
  ✓ bibixart-20251116-1989839489016136137-01.jpg
  ✓ chahirond-20251116-1989737844668260463-01.jpg
  ✓ EN6cUMxx0rE6FFz-20251115-1989666001982820422-01.jpg
  ✓ Er_Bium-20251116-1989942744530460711-01.jpg
  ✓ FLprayer-20251116-1989915400168202508-01.jpg
  ✓ gonza3_v-20251116-1989830778013069384-01.jpg
  ✓ hondahiro-20251115-1989528794848166377-01.jpg
  ✓ immiya18-20251115-1989609994380255265-01.jpg
  ✓ inishienotanaka-20251115-1989689907632026050-01.jpg
  ✓ inui_nui_nui-20251115-1989640874029191537-01.jpg
  ✓ Iou_pot_ryre-20250426-1916123046408294834-01.jpg
  ✓ Iou_pot_ryre-20251116-1989773118521709007-01.jpg
  ✓ Iou_pot_ryre-20251116-1989872548604252536-01.jpg
  ✓ Iou_pot_ryre-20251116-1989872548604252536-02.jpg
  ✓ Iou_pot_ryre-20251116-1989872548604252536-03.jpg
  ✓ Iou_pot_ryre-20251116-1989872548604252536-04.jpg
  ✓ kibihimi-20251116-1989740830656270702-01.jpg
  ✓ kitk_qun-20251115-1989638813753520171-01.jpg
  ✓ kitsuneme31-20251116-1989770646361190672-01.jpg
  ✓ ku_ka_00-20251116-1990031854565839063-01.jpg
  ✓ L9EYhlbKUHJzH3A-20251116-1989811264185667773-01.jpg
  ✓ L9EYhlbKUHJzH3A-20251116-1989811264185667773-02.jpg
  ✓ L9EYhlbKUHJzH3A-20251116-1989811264185667773-03.jpg
  ✓ L9EYhlbKUHJzH3A-20251116-1989811264185667773-04.jpg
  ✓ Lv01KOKUEN-20251115-1989694975668621327-01.jpg
  ✓ maru_ru2020-20251116-1989960988528185831-01.jpg
  ✓ mashiro_www-20251116-1989744832034869451-01.jpg
  ✓ MEGAWOIllust-20251116-1989714426396877077-01.jpg
  ✓ mizo_o_o-20251116-1989735757834334245-01.jpg
  ✓ MoyashiDorobou-20251116-1989986832671814132-01.jpg
  ✓ n3vermind_mir-20251115-1989651592493117579-01.jpg
  ✓ Na4meRu-20251116-1989973511688130808-01.jpg
  ✓ nakan0_kura-20251116-1990004917382385971-01.jpg
  ✓ narumiyuki2772-20251116-1989858930009489530-01.jpg
  ✓ n_hirowa-20251116-1989960232408420443-01.jpg
  ✓ ogura_tubuan-20251116-1989939745028542668-01.jpg
  ✓ ogura_tubuan-20251116-1989979355649622058-01.jpg
  ✓ Oopartzy-20251115-1989707293873902024-01.jpg
  ✓ Osuzu_botan-20251116-1989795484853256645-01.jpg
  ✓ pika_yomogi_-20251115-1989693092128301378-01.jpg
  ✓ PlaneiHoshikuzu-20251116-1989831779839074589-01.jpg
  ✓ poppohito-20251115-1989681525101891762-01.jpg
  ✓ randompeeps98-20251116-1989901513159053459-01.jpg
  ✓ rno__hys-20251115-1989698991043612860-01.jpg
  ✓ siopon12-20251116-1989877569978568754-01.jpg
  ✓ somok_4334-20251115-1989622513266298940-01.jpg
  ✓ sonoda_329-20251116-1990001007519318118-01.jpg
  ✓ Suecovsky-20251116-1989717261121122428-01.jpg
  ✓ syanikamaboko-20251116-1989737154202018225-01.jpg
  ✓ tjhyn_06-20251116-1989709986239594511-01.jpg
  ✓ TruuBluu_EX-20251116-1989888609147895894-01.png
  ✓ tyosuke22-20251116-1989757934692442175-01.jpg
  ✓ Uidailyba-20251115-1989616108761190441-01.jpg
  ✓ unico_unicorn-20251115-1989682708281508145-01.jpg
  ✓ URA__DORA-20251115-1989640019418677615-01.jpg
  ✓ uriuritei-20251115-1989674947292401854-01.jpg
  ✓ xdeyuix-20251116-1989927983025402189-01.jpg
  ✓ yadokaribeer-20251116-1989898772428783948-01.jpg
  ✓ yomogi_uehara8-20251115-1989621260809375801-01.jpg
  ✓ yossiiies-20251116-1989936985570775059-01.jpg
  ✓ ZbR_zn07-20251115-1989634648268587037-01.jpg
  ✓ いそちゃ - 🦋 (137536001) .png
  ✓ クズノハ - 上水流宇宙 No.8 (137318739) .png
  ✓ 天ぱる（趣味アカ） - 月野木ちろる ／ 湖南みあ ／ 大浦るかこ × I字バランス (137152279) p1.png
  ✓ 天ぱる（趣味アカ） - 月野木ちろる ／ 湖南みあ ／ 大浦るかこ × I字バランス (137152279) p2.png
  ✓ 天ぱる（趣味アカ） - 月野木ちろる ／ 湖南みあ ／ 大浦るかこ × I字バランス (137152279) p5.png
  ✓ 天ぱる（趣味アカ） - 月野木ちろる ／ 湖南みあ ／ 大浦るかこ × I字バランス (137152279) p6.png

--------------------------------------------------------------------------------
実行結果: 成功 83件 / 失敗 0件
実行時刻: 2025-11-16 21:26:32
================================================================================

