================================================================================
2025-11-15 00:35:04 [実行開始]
================================================================================

[D:\ikoooou\Develop\vid へ移動 - 1件]
  ✓ hptnHYjTeeCGpuu-20251114-1989026364775919658-01.mp4

[D:\ikoooou\_SYNC\tmptmptmptmp へ移動 - 83件]
  ✓ 4ugaii-20251113-1988893346207572222-01.jpg
  ✓ Aiko_is_Heroin-20251113-1988835225703493709-01.jpg
  ✓ akatsukiclara-20251114-1989122604242997330-01.jpg
  ✓ aoisizukusub-20251114-1989134959865655389-01.jpg
  ✓ danidanihatikyu-20251109-1987508709359337696-01.jpg
  ✓ dera_self-20251114-1989287718967546345-01.jpg
  ✓ dfghjbvcdd-20250925-1971210279943012615-01.jpg
  ✓ dfghjbvcdd-20250925-1971210279943012615-02.jpg
  ✓ dokkumaa-20251104-1985649736368701761-01.jpg
  ✓ dokkumaa-20251104-1985649736368701761-02.jpg
  ✓ dokkumaa-20251104-1985649736368701761-03.jpg
  ✓ dokkumaa-20251104-1985649736368701761-04.jpg
  ✓ dokkumaa-20251114-1989267269537661436-01.jpg
  ✓ dondayo_-20251114-1989166408442511463-01.jpg
  ✓ echieichi_-20251114-1989100154960638353-01.jpg
  ✓ furuno132nw-20251114-1989309779647279516-01.jpg
  ✓ gigatera00-20251114-1989245134035358150-01.jpg
  ✓ gisyuled-20251114-1989288596097176052-01.jpg
  ✓ gotcha0303-20250707-1942179337501122963-01.jpg
  ✓ gotcha0303-20250707-1942179337501122963-02.jpg
  ✓ gotcha0303-20250707-1942179337501122963-03.jpg
  ✓ HANIlz_-20251113-1988804409757954082-01.jpg
  ✓ Hiuzawa_reira-20251114-1989088323642749046-01.jpg
  ✓ honest_ovent-20251114-1989279093691679198-01.jpg
  ✓ Iou_pot_ryre-20251114-1989158342858580380-01.jpg
  ✓ Iou_pot_ryre-20251114-1989158342858580380-02.jpg
  ✓ Iou_pot_ryre-20251114-1989158342858580380-03.jpg
  ✓ Isword_Selene-20251114-1989007851789119732-01.jpg
  ✓ jajanome-20251113-1988893445973225811-01.jpg
  ✓ jungle_zzz-20251114-1989112989061116184-01.jpg
  ✓ jygfams-20251113-1988944887480455353-01.jpg
  ✓ kana_integral00-20251114-1989250701193802087-01.jpg
  ✓ katsuragi710ka-20251114-1989282304657969265-01.jpg
  ✓ kevinlim39-20251114-1989197601267466251-01.jpg
  ✓ kji_10005-20251114-1989264545987317867-01.jpg
  ✓ kumoru_145-20251113-1988887804500177378-01.jpg
  ✓ Kurosumi_Seru-20251114-1989094352841535571-01.jpg
  ✓ l_illust45-20251114-1989241903448224177-01.jpg
  ✓ megunozi-20251112-1988568394459713715-01.jpg
  ✓ mira__mira_mira-20251113-1988960393792979066-01.jpg
  ✓ mo22nuki-20251114-1989262687663235382-01.jpg
  ✓ mocaht8-20251114-1989098443567243355-01.jpg
  ✓ nagimachi_sou-20251113-1988936536612827605-01.jpg
  ✓ nekomiya_sakuya-20251114-1989148742612901937-01.jpg
  ✓ nekomofuru_-20251114-1989093163806462256-01.jpg
  ✓ nekoplanetOuO-20251114-1989230590181445745-01.jpg
  ✓ noixen-20251114-1989272215767126517-01.jpg
  ✓ nyanzaisensei-20251114-1989178662655279134-01.jpg
  ✓ nyashiraa-20251114-1989069507847991425-01.jpg
  ✓ Ookami__Kuon-20251114-1989102250137121259-01.jpg
  ✓ osu_atou_osatou-20251113-1988894611633287550-01.jpg
  ✓ put_buri-20251114-1989158265109057815-01.jpg
  ✓ Pu_HT0902-20251114-1989216510460747820-01.jpg
  ✓ Pyy_Tato-20251113-1988901307449487782-01.jpg
  ✓ rhaehfl2343-20251114-1989211712952926686-01.jpg
  ✓ Rijeka1918-20251114-1989289428150538390-01.jpg
  ✓ ruby_doll_fsp-20251114-1989053172250472858-01.jpg
  ✓ R_E_I_-20251114-1989182797203079341-01.jpg
  ✓ San_Haruka_-20251112-1988518027604729992-01.jpg
  ✓ Shiratos_nas-20251113-1988940575828242921-01.jpg
  ✓ somok_4334-20251113-1988895854590062833-01.jpg
  ✓ sooon_TD-20251114-1989296392771358800-01.jpg
  ✓ sundown_may-20251114-1989277662393802892-01.jpg
  ✓ TAMA38302460-20251115-1989355158049030330-01.jpg
  ✓ toumeilleia-20251114-1989099650083885292-01.jpg
  ✓ tukimirave-20251114-1989097275721990429-01.jpg
  ✓ uzuradobin-20251113-1988923269328548127-01.jpg
  ✓ wajuniorbox-20251114-1989281979028873683-01.jpg
  ✓ warg_illust-20251114-1989091027429491035-01.jpg
  ✓ wave_corp-20251113-1988804009973387499-01.jpg
  ✓ wave_corp-20251113-1988804009973387499-02.jpg
  ✓ wave_corp-20251113-1988804009973387499-03.jpg
  ✓ wave_corp-20251113-1988804009973387499-04.jpg
  ✓ wolrero-20251113-1988935757785100776-01.jpg
  ✓ xdeyuix-20251113-1988937878764941755-01.jpg
  ✓ yamaboshi_ryu-20251114-1989264673594892564-01.jpg
  ✓ yamanenemu-20251114-1989143675780362286-01.jpg
  ✓ yaoyao06177-20251114-1988993407164064112-01.jpg
  ✓ YubbiiDraw-20251114-1989081008952729759-01.jpg
  ✓ yumepillows-20251108-1986983135318581489-01.jpg
  ✓ _yuki_06-20251113-1988859233228435635-01.jpg
  ✓ ギシュレッド - rksiってかわいいんですよね (129559432) .png
  ✓ ギシュレッド - 帰りの電車でゲー〇るの３人に出会って... (120028781) .png

--------------------------------------------------------------------------------
実行結果: 成功 84件 / 失敗 0件
実行時刻: 2025-11-15 00:35:06
================================================================================

================================================================================
2025-11-15 20:16:26 [実行開始]
================================================================================

[C:\Users\kingc\Pictures\Greenshot へ移動 - 1件]
  ✓ ss_20251115161732443_Twitch 2h28m39s.png

[D:\ikoooou\Develop\vid へ移動 - 2件]
  ✓ Play_Giirls-20251113-1988965142185509277-01.mp4
  ✓ vanessa_7745-20230509-1655597827844603905-01.mp4

[D:\ikoooou\_SYNC\tmptmptmptmp へ移動 - 138件]
  ✓ 12JK8-20251115-1989462035403608325-01.jpg
  ✓ 440_pome-20250111-1878075744099639340-01.jpg
  ✓ 793nichi-20251114-1989309027776671987-01.jpg
  ✓ 7nnn_n2-20251114-1989306127020954026-01.jpg
  ✓ 8quuu_-20251115-1989617464075063367-01.jpg
  ✓ akagi_koku-20251114-1989264826296897628-01.jpg
  ✓ akasiaLL-20251114-1989293412680655035-01.jpg
  ✓ arginal7-20251115-1989580735045668946-01.jpg
  ✓ ariastrella-20251115-1989607213758124111-01.jpg
  ✓ arikawa_sat-20251115-1989617214845325745-01.jpg
  ✓ asameshi1024-20251114-1989273853617676644-01.jpg
  ✓ AzurLane_EN-20251114-1989332501207355668-01.jpg
  ✓ beaterIR-20251114-1989302962469118310-01.jpg
  ✓ bibixart-20251114-1989121862266437864-01.jpg
  ✓ crocell55-20251114-1989300781028147408-01.jpg
  ✓ Duchi0356-20251114-1989260448928235600-01.jpg
  ✓ EMOoooJIiii-20251115-1989504372439486671-01.jpg
  ✓ enu_illustip-20251114-1989284572664889354-01.jpg
  ✓ ericoooo_517-20251114-1989293308825436536-01.jpg
  ✓ ETT01024-20251115-1989460121056153799-01.jpg
  ✓ evuamSR-20251114-1989339558488719551-01.jpg
  ✓ futu11223344-20251011-1976832594856886366-01.jpg
  ✓ gannmomo17-20251114-1989258051673903144-01.jpg
  ✓ HanaShi1821-20251115-1989468459336647068-01.jpg
  ✓ Harumaki_no_gu3-20251114-1989289363776372747-01.jpg
  ✓ haru_1un-20251115-1989603742468178269-01.jpg
  ✓ Hatsuakarin-20251115-1989516148212469825-01.jpg
  ✓ HayasakaMaeharu-20251115-1989554118411596138-01.jpg
  ✓ hello_ghiblisan-20251115-1989467841234698705-01.jpg
  ✓ hideout_hide-20251115-1989348072615501824-01.jpg
  ✓ hiiragi_mitsuki-20251115-1989468390340145322-01.jpg
  ✓ hinorinr-20251017-1979115722635714997-01.jpg
  ✓ hinorinr-20251017-1979115722635714997-02.jpg
  ✓ hinorinr-20251031-1984179671928611238-01.jpg
  ✓ hinorinr-20251115-1989571390576402706-01.jpg
  ✓ Hiuzawa_reira-20251115-1989443482520621123-01.jpg
  ✓ hi_RonroN725-20251114-1989251993135894917-01.jpg
  ✓ ims_823-20251114-1989337750060032063-01.png
  ✓ Juno1991x-20251114-1989269299161387256-01.jpg
  ✓ J_KMOR-20251114-1989216666212036985-01.png
  ✓ kaigan0211-20251103-1985325033435316651-01.jpg
  ✓ kamuraaa_615-20251115-1989528868412428476-01.jpg
  ✓ kazu15752-20251108-1987067569166000565-01.jpg
  ✓ kcmc_story-20251114-1989241238449684846-01.jpg
  ✓ KeyAn_art2-20251114-1989287197925601428-01.jpg
  ✓ kikkasoon-20251115-1989410388962935061-01.jpg
  ✓ kinsuke_z-20251114-1989246671499456862-01.jpg
  ✓ kiteher_OP6-20251114-1989290482594402401-01.jpg
  ✓ kizahashi_mk3-20251114-1989283221939638303-01.jpg
  ✓ KOU45210607-20251115-1989513368684916989-01.jpg
  ✓ Kuropaws_ai-20251114-1989251386652188830-01.jpg
  ✓ Kuropaws_ai-20251115-1989603777280614709-01.jpg
  ✓ kusomiso-20251114-1989249569805496407-01.jpg
  ✓ kyanonpan50-20251114-1989288130197999754-01.jpg
  ✓ kyokugen_sakana-20251114-1989231171038007725-01.jpg
  ✓ Lemonade_Cat_-20251114-1989294237826027826-01.jpg
  ✓ lianyaneko-20251114-1989268952506401229-01.jpg
  ✓ LightRia_-20251115-1989585517013311879-01.jpg
  ✓ lkpk_g-20251115-1989622532887253254-01.jpg
  ✓ luvi_eve-20251115-1989576529668632941-01.jpg
  ✓ Malmi_jal-20251114-1989166395540865492-01.jpg
  ✓ mamang_thanos5-20251115-1989363197699367306-01.jpg
  ✓ mato_ekaki-20251113-1988975530247639482-01.jpg
  ✓ matriks_16-20251114-1989317403474571770-01.jpg
  ✓ may9sub-20251114-1989256741024932052-01.jpg
  ✓ mchonmchon-20251115-1989508524351918412-01.jpg
  ✓ meameeea-20251115-1989348221488169377-01.jpg
  ✓ MEGAWOIllust-20251115-1989353612313833665-01.jpg
  ✓ Mewutd-20251113-1988894530393780577-01.jpg
  ✓ mist_kirino123-20251115-1989605888601329736-01.jpg
  ✓ mochimochirice_-20251114-1989270427789832586-01.jpg
  ✓ Mochiusa_cocoa-20251114-1989106006735958457-01.jpg
  ✓ MozzleQ77804-20251114-1989231183868412086-01.jpg
  ✓ mrn4453-20251114-1989274105259180466-01.jpg
  ✓ mtok_1-20251114-1989279637990686891-01.jpg
  ✓ Mupz__-20251114-1989307470096048598-01.jpg
  ✓ mutuki_uma-20251115-1989398586115985909-01.jpg
  ✓ nakan0_kura-20251115-1989476762951221489-01.jpg
  ✓ nakan0_kura-20251115-1989644041659855030-01.jpg
  ✓ Nananichi_Yuhi-20251114-1989287198873829805-01.jpg
  ✓ nekoyama_miaaa-20251115-1989444823661908446-01.jpg
  ✓ neko_kattenai_i-20251115-1989347956080988661-01.jpg
  ✓ nekwnek-20251114-1989289568433328247-01.jpg
  ✓ niadn_nb-20251114-1989272096287895935-01.jpg
  ✓ ninety_next-20251115-1989529356881039709-01.jpg
  ✓ NK__7171-20251115-1989478568523632957-01.jpg
  ✓ nonko900-20251114-1989246462853804382-01.jpg
  ✓ nyanyaqwi1-20251115-1989458372098494777-01.jpg
  ✓ OdoruKaminoke-20251114-1989262358674624682-01.jpg
  ✓ okubatomaeba-20251114-1989285785296884141-01.jpg
  ✓ pentiume6500-20251115-1989365156950978680-01.jpg
  ✓ PNekoe-20251115-1989604372704280861-01.jpg
  ✓ Pong_Do_63-20251115-1989535511489454093-01.jpg
  ✓ pononozo-20251114-1989282485163987134-01.jpg
  ✓ pononozo-20251114-1989282485163987134-02.jpg
  ✓ pononozo-20251114-1989282485163987134-03.jpg
  ✓ redjet00-20251115-1989403405396353149-01.jpg
  ✓ RicRook-20251114-1989287202355023993-01.jpg
  ✓ Rihitonn_-20251115-1989628517341135057-01.jpg
  ✓ riman13682518-20251115-1989528794647204037-01.jpg
  ✓ ri_o_ne_su-20251115-1989634940955496593-01.jpg
  ✓ rua_8b-20251114-1989270136659054727-01.jpg
  ✓ RutomiartdaYo-20251114-1989285306852610501-01.jpg
  ✓ ryuudog2-20251115-1989458570493243752-01.jpg
  ✓ Settei33989-20251114-1989326171910418556-01.jpg
  ✓ Shiorino_Mani-20251115-1989501963009245613-01.jpg
  ✓ smknosmk3-20251115-1989445282401325265-01.jpg
  ✓ snow_leopard_A2-20251115-1989475035904610493-01.jpg
  ✓ sodeshita_m-20251115-1989347686705951086-01.jpg
  ✓ sorairomatsuge-20251115-1989521911802646662-01.jpg
  ✓ sugoroku_solo-20251115-1989347598646591511-01.png
  ✓ Sundasunglasses-20251115-1989372353185452235-01.jpg
  ✓ SVtenshi0721-20251115-1989607003430519147-01.jpg
  ✓ TELUscarlet-20251114-1989257010496557158-01.jpg
  ✓ temari_ayaginu-20251115-1989440199382950320-01.jpg
  ✓ TMTJM888-20251115-1989562195857047565-01.jpg
  ✓ tooo88-20251114-1989324847059435910-01.jpg
  ✓ towel_kawata-20251114-1989295388940177721-01.png
  ✓ toymark_jp-20251114-1989256999213654270-01.jpg
  ✓ tsugaru_hobby-20251115-1989608266486456425-01.jpg
  ✓ uma_EMsan-20251114-1989278248153628856-01.jpg
  ✓ uof1052237-20251114-1989275276371784111-01.jpg
  ✓ uo_illust-20251115-1989580805845516711-01.jpg
  ✓ VTnate5sei-20250912-1966472037288812898-01.jpg
  ✓ xdeyuix-20251115-1989561353132990862-01.jpg
  ✓ XIMGYEON-20251115-1989468387513438696-01.jpg
  ✓ Ximia_yukuri-20251115-1989530708185137546-01.jpg
  ✓ xuga_7-20251115-1989537997575131280-01.jpg
  ✓ yamaiyurika-20251114-1989299498544169362-01.jpg
  ✓ yukinosan_11-20251115-1989544889520918589-01.jpg
  ✓ yuno_kaihara-20251115-1989347597811937379-01.jpg
  ✓ yusu_oekaki-20251115-1989535795884294543-01.jpg
  ✓ yuu_matudo-20251115-1989419629727682989-01.jpg
  ✓ zealmaker-20251114-1989346492579295364-01.jpg
  ✓ _IRIRARY-20251115-1989446650205745616-01.jpg
  ✓ _LISU_-20251114-1989302295461261399-01.jpg
  ✓ _topazdaily-20251114-1989282371540263411-01.jpg
  ✓ _uwaaaaaaaaa-20251113-1988956696786751606-01.jpg

--------------------------------------------------------------------------------
実行結果: 成功 141件 / 失敗 0件
実行時刻: 2025-11-15 20:16:27
================================================================================

================================================================================
2025-11-15 20:57:55 [実行開始]
================================================================================

[D:\ikoooou\Develop\vid へ移動 - 1件]
  ✓ 20251115_DeliciousFreezingRadishMau5-TZWbIvsA904_cixz_portrait.mp4

[D:\ikoooou\_SYNC\tmptmptmptmp へ移動 - 2件]
  ✓ pakanashi-20251115-1989634479648833575-01.jpg
  ✓ TensyoO0716-20251115-1989630108601311549-01.jpg

--------------------------------------------------------------------------------
実行結果: 成功 3件 / 失敗 0件
実行時刻: 2025-11-15 20:57:55
================================================================================

